2023-01-12 09:56:34,314 The highest paying job in the 2016 was: Software Development Manager with a average salary of $135000.
2023-01-12 09:56:36,561 The most satisfactory job in the year 2016 was: Data Scientist with a satisfactory rating of 4.1.
2023-01-12 09:56:39,835 The job in highest demand in 2016 was: Software Engineer with a total of 49270 openings.
2023-01-12 10:32:03,068 The highest paying job in the 2016 was: Software Development Manager with a average salary of $135000.
2023-01-12 10:32:05,506 The most satisfactory job in the year 2016 was: Data Scientist with a satisfactory rating of 4.1.
2023-01-12 10:32:07,745 The job in highest demand in 2016 was: Software Engineer with a total of 49270 openings.
2023-01-12 15:33:06,053 The highest paying job in the 2015 was: Finance Manager with a average salary of $122865.
2023-01-12 15:33:10,504 The most satisfactory job in the year 2015 was: Audit Manager with a satisfactory rating of 3.9.
2023-01-12 15:33:16,534 The job in highest demand in 2015 was: Software Engineer with a total of 104828 openings.
2023-01-12 15:35:01,691 The highest paying job in the 2016 was: Software Development Manager with a average salary of $135000.
2023-01-12 15:35:04,469 The most satisfactory job in the year 2016 was: Data Scientist with a satisfactory rating of 4.1.
2023-01-12 15:35:31,946 The job in highest demand in 2016 was: Software Engineer with a total of 49270 openings.
2023-01-12 15:37:29,342 The highest paying job in the 2017 was: Physician with a average salary of $200000.
2023-01-12 15:37:33,307 The most satisfactory job in the year 2017 was: Data Scientist with a satisfactory rating of 4.4.
2023-01-12 15:37:35,466 The job in highest demand in 2017 was: Physical Therapist with a total of 24579 openings.
2023-01-12 15:40:03,498 The highest paying job in the 2018 was: Strategy Manager with a average salary of $135000.
2023-01-12 15:40:34,835 The most satisfactory job in the year 2018 was: Compliance Manager with a satisfactory rating of 4.3.
2023-01-12 15:40:36,940 The job in highest demand in 2018 was: Software Engineer with a total of 29187 openings.
2023-01-12 16:04:06,416 The highest paying job in the 2019 was: Software Engineering Manager with a average salary of $153000.
2023-01-12 16:50:01,142 The highest paying job in the 2019 was: Software Engineering Manager with a average salary of $153000.
2023-01-12 16:50:04,171 The most satisfactory job in the year 2019 was: Product Designer with a satisfactory rating of 4.5.
2023-01-12 16:50:06,673 The job in highest demand in 2019 was: Software Engineer with a total of 49007 openings.
2023-01-12 16:51:07,989 The highest paying job in the 2020 was: Strategy Manager with a average salary of $133067.
2023-01-12 16:51:32,254 The most satisfactory job in the year 2020 was: Corporate Recruiter with a satisfactory rating of 4.4.
2023-01-12 16:51:35,136 The job in highest demand in 2020 was: Software Engineer with a total of 50438 openings.
2023-01-12 16:52:46,170 The highest paying job in the 2021 was: Technical Program Manager with a average salary of $142379.
2023-01-12 16:52:48,894 The most satisfactory job in the year 2021 was: Realtor with a satisfactory rating of 4.4.
2023-01-12 16:52:51,188 The job in highest demand in 2021 was: Software Engineer with a total of 40564 openings.
2023-01-12 17:54:50,431 The highest paying job in the 2019 was: Software Engineering Manager with a average salary of $153000.
2023-01-12 17:55:07,120 The most satisfactory job in the year 2019 was: Product Designer with a satisfactory rating of 4.5.
2023-01-12 17:55:09,838 The job in highest demand in 2019 was: Software Engineer with a total of 49007 openings.
2023-01-14 18:44:16,169 The highest paying job in the 2018 was: Strategy Manager with a average salary of $135000.
2023-01-14 18:44:37,812 The most satisfactory job in the year 2018 was: Compliance Manager with a satisfactory rating of 4.3.
2023-01-14 18:44:45,384 The job in highest demand in 2018 was: Software Engineer with a total of 29187 openings.
2023-01-14 18:50:59,992 The highest paying job in the 2018 was: Strategy Manager with a average salary of $135000.
2023-01-14 18:51:19,370 The most satisfactory job in the year 2018 was: Compliance Manager with a satisfactory rating of 4.3.
2023-01-14 18:51:35,090 The job in highest demand in 2018 was: Software Engineer with a total of 29187 openings.
2023-01-14 18:56:10,696 The highest paying job in the 2018 was: Strategy Manager with a average salary of $135000.
2023-01-14 18:56:26,714 The most satisfactory job in the year 2018 was: Compliance Manager with a satisfactory rating of 4.3.
2023-01-14 18:56:38,625 The job in highest demand in 2018 was: Software Engineer with a total of 29187 openings.
